<?xml version="1.0" encoding="UTF-8"?>
<!-- Generated by org.testng.reporters.JUnitReportReporter -->
<testsuite hostname="Jiya" failures="0" tests="1" name="com.ebay.Testscripts.ValidateUserTest" time="7.373" errors="0" timestamp="05 May 2019 00:39:00 GMT" skipped="0">
  <testcase classname="com.ebay.Testscripts.ValidateUserTest" name="userValidationTest" time="7.373"/>
</testsuite> <!-- com.ebay.Testscripts.ValidateUserTest -->
